Unity Editor version:    2021.1.22f1 (a137e5fb0427)
Branch:                  2021.1/staging
Build type:              Release
Batch mode:              YES
macOS version:           Version 10.13.6 (Build 17G14042)
Darwin version:          17.7.0
Architecture:            x86_64
Running under Rosetta:   NO
Available memory:        8192 MB
Using pre-set license
Pro License: NO
Pro License: NO

COMMAND LINE ARGUMENTS:
/Applications/Unity/Hub/Editor/2021.1.22f1/Unity.app/Contents/MacOS/Unity
-adb2
-batchMode
-noUpm
-name
AssetImportWorker0
-projectPath
/Users/gld/Desktop/MGD_MSD63B/TicTacToeMP/MSD63B_TicTacToeMP/MSD63B_TicTacToeMP_clone_0
-logFile
Logs/AssetImportWorker0.log
-srvPort
49662
Successfully changed project path to: /Users/gld/Desktop/MGD_MSD63B/TicTacToeMP/MSD63B_TicTacToeMP/MSD63B_TicTacToeMP_clone_0
/Users/gld/Desktop/MGD_MSD63B/TicTacToeMP/MSD63B_TicTacToeMP/MSD63B_TicTacToeMP_clone_0
Using Asset Import Pipeline V2.
Refreshing native plugins compatible for Editor in 772.93 ms, found 3 plugins.
Preloading 0 native plugins for Editor in 0.00 ms.
Initialize engine version: 2021.1.22f1 (a137e5fb0427)
[Subsystems] Discovering subsystems at path /Applications/Unity/Hub/Editor/2021.1.22f1/Unity.app/Contents/Resources/UnitySubsystems
[Subsystems] Discovering subsystems at path /Users/gld/Desktop/MGD_MSD63B/TicTacToeMP/MSD63B_TicTacToeMP/MSD63B_TicTacToeMP_clone_0/Assets
GfxDevice: creating device client; threaded=0; jobified=0
2021-10-27 14:33:28.638 Unity[2140:26409] InFocus 3138D preferred device: AMD Radeon R9 M395X (high power)
2021-10-27 14:33:28.638 Unity[2140:26409] Metal devices available: 1
2021-10-27 14:33:28.638 Unity[2140:26409] 0: AMD Radeon R9 M395X (high power)
2021-10-27 14:33:28.639 Unity[2140:26409] Using device AMD Radeon R9 M395X (high power)
Initializing Metal device caps: AMD Radeon R9 M395X
Initialize mono
Mono path[0] = '/Applications/Unity/Hub/Editor/2021.1.22f1/Unity.app/Contents/Managed'
Mono path[1] = '/Applications/Unity/Hub/Editor/2021.1.22f1/Unity.app/Contents/MonoBleedingEdge/lib/mono/unityjit'
Mono config path = '/Applications/Unity/Hub/Editor/2021.1.22f1/Unity.app/Contents/MonoBleedingEdge/etc'
Using monoOptions --debugger-agent=transport=dt_socket,embedding=1,server=y,suspend=n,address=127.0.0.1:56140
Begin MonoManager ReloadAssembly
Registering precompiled unity dll's ...
Register platform support module: /Applications/Unity/Hub/Editor/2021.1.22f1/Unity.app/Contents/PlaybackEngines/MacStandaloneSupport/UnityEditor.OSXStandalone.Extensions.dll
Registered in 0.009386 seconds.
Native extension for OSXStandalone target not found
Refreshing native plugins compatible for Editor in 688.47 ms, found 3 plugins.
Preloading 0 native plugins for Editor in 0.00 ms.
Mono: successfully reloaded assembly
- Completed reload, in 13.898 seconds
Domain Reload Profiling:
	ReloadAssembly (13899ms)
		BeginReloadAssembly (252ms)
			ExecutionOrderSort (0ms)
			DisableScriptedObjects (0ms)
			BackupInstance (0ms)
			ReleaseScriptingObjects (0ms)
			CreateAndSetChildDomain (1ms)
		EndReloadAssembly (3250ms)
			LoadAssemblies (253ms)
			RebuildTransferFunctionScriptingTraits (0ms)
			SetupTypeCache (1015ms)
			ReleaseScriptCaches (0ms)
			RebuildScriptCaches (180ms)
			SetupLoadedEditorAssemblies (1701ms)
				LogAssemblyErrors (0ms)
				InitializePlatformSupportModulesInManaged (34ms)
				SetLoadedEditorAssemblies (23ms)
				RefreshPlugins (689ms)
				BeforeProcessingInitializeOnLoad (3ms)
				ProcessInitializeOnLoadAttributes (757ms)
				ProcessInitializeOnLoadMethodAttributes (195ms)
				AfterProcessingInitializeOnLoad (0ms)
				EditorAssembliesLoaded (0ms)
			ExecutionOrderSort2 (0ms)
			AwakeInstancesAfterBackupRestoration (0ms)
Platform modules already initialized, skipping
Registering precompiled user dll's ...
Registered in 0.013589 seconds.
Begin MonoManager ReloadAssembly
Symbol file LoadedFromMemory doesn't match image /Users/gld/Desktop/MGD_MSD63B/TicTacToeMP/MSD63B_TicTacToeMP/MSD63B_TicTacToeMP_clone_0/Library/PackageCache/com.unity.visualscripting@1.6.1/Editor/VisualScripting.Core/Dependencies/YamlDotNet/Unity.VisualScripting.YamlDotNet.dll
Symbol file LoadedFromMemory doesn't match image /Users/gld/Desktop/MGD_MSD63B/TicTacToeMP/MSD63B_TicTacToeMP/MSD63B_TicTacToeMP_clone_0/Library/PackageCache/com.unity.visualscripting@1.6.1/Editor/VisualScripting.Core/Dependencies/DotNetZip/Unity.VisualScripting.IonicZip.dll
Native extension for OSXStandalone target not found
Refreshing native plugins compatible for Editor in 731.57 ms, found 3 plugins.
Preloading 0 native plugins for Editor in 0.00 ms.
