Unity Editor version:    2021.1.22f1 (a137e5fb0427)
Branch:                  2021.1/staging
Build type:              Release
Batch mode:              YES
macOS version:           Version 10.13.6 (Build 17G14042)
Darwin version:          17.7.0
Architecture:            x86_64
Running under Rosetta:   NO
Available memory:        8192 MB
Using pre-set license
Pro License: NO
Pro License: NO

COMMAND LINE ARGUMENTS:
/Applications/Unity/Hub/Editor/2021.1.22f1/Unity.app/Contents/MacOS/Unity
-adb2
-batchMode
-noUpm
-name
AssetImportWorker1
-projectPath
/Users/gld/Desktop/MGD_MSD63B/TicTacToeMP/MSD63B_TicTacToeMP/MSD63B_TicTacToeMP
-logFile
Logs/AssetImportWorker1.log
-srvPort
51239
Successfully changed project path to: /Users/gld/Desktop/MGD_MSD63B/TicTacToeMP/MSD63B_TicTacToeMP/MSD63B_TicTacToeMP
/Users/gld/Desktop/MGD_MSD63B/TicTacToeMP/MSD63B_TicTacToeMP/MSD63B_TicTacToeMP
Using Asset Import Pipeline V2.
Refreshing native plugins compatible for Editor in 811.44 ms, found 3 plugins.
Preloading 0 native plugins for Editor in 0.00 ms.
Initialize engine version: 2021.1.22f1 (a137e5fb0427)
[Subsystems] Discovering subsystems at path /Applications/Unity/Hub/Editor/2021.1.22f1/Unity.app/Contents/Resources/UnitySubsystems
[Subsystems] Discovering subsystems at path /Users/gld/Desktop/MGD_MSD63B/TicTacToeMP/MSD63B_TicTacToeMP/MSD63B_TicTacToeMP/Assets
GfxDevice: creating device client; threaded=0; jobified=0
2021-10-20 14:10:51.067 Unity[1232:12984] InFocus 3138D preferred device: AMD Radeon R9 M395X (high power)
2021-10-20 14:10:51.067 Unity[1232:12984] Metal devices available: 1
2021-10-20 14:10:51.067 Unity[1232:12984] 0: AMD Radeon R9 M395X (high power)
2021-10-20 14:10:51.069 Unity[1232:12984] Using device AMD Radeon R9 M395X (high power)
Initializing Metal device caps: AMD Radeon R9 M395X
Initialize mono
Mono path[0] = '/Applications/Unity/Hub/Editor/2021.1.22f1/Unity.app/Contents/Managed'
Mono path[1] = '/Applications/Unity/Hub/Editor/2021.1.22f1/Unity.app/Contents/MonoBleedingEdge/lib/mono/unityjit'
Mono config path = '/Applications/Unity/Hub/Editor/2021.1.22f1/Unity.app/Contents/MonoBleedingEdge/etc'
Using monoOptions --debugger-agent=transport=dt_socket,embedding=1,server=y,suspend=n,address=127.0.0.1:56232
Begin MonoManager ReloadAssembly
Registering precompiled unity dll's ...
Register platform support module: /Applications/Unity/Hub/Editor/2021.1.22f1/Unity.app/Contents/PlaybackEngines/MacStandaloneSupport/UnityEditor.OSXStandalone.Extensions.dll
Registered in 0.000526 seconds.
Native extension for OSXStandalone target not found
Refreshing native plugins compatible for Editor in 619.79 ms, found 3 plugins.
Preloading 0 native plugins for Editor in 0.00 ms.
Mono: successfully reloaded assembly
- Completed reload, in 16.998 seconds
Domain Reload Profiling:
	ReloadAssembly (16998ms)
		BeginReloadAssembly (263ms)
			ExecutionOrderSort (0ms)
			DisableScriptedObjects (0ms)
			BackupInstance (0ms)
			ReleaseScriptingObjects (0ms)
			CreateAndSetChildDomain (1ms)
		EndReloadAssembly (2967ms)
			LoadAssemblies (295ms)
			RebuildTransferFunctionScriptingTraits (0ms)
			SetupTypeCache (913ms)
			ReleaseScriptCaches (0ms)
			RebuildScriptCaches (256ms)
			SetupLoadedEditorAssemblies (1512ms)
				LogAssemblyErrors (0ms)
				InitializePlatformSupportModulesInManaged (30ms)
				SetLoadedEditorAssemblies (0ms)
				RefreshPlugins (620ms)
				BeforeProcessingInitializeOnLoad (3ms)
				ProcessInitializeOnLoadAttributes (732ms)
				ProcessInitializeOnLoadMethodAttributes (127ms)
				AfterProcessingInitializeOnLoad (0ms)
				EditorAssembliesLoaded (0ms)
			ExecutionOrderSort2 (0ms)
			AwakeInstancesAfterBackupRestoration (0ms)
Platform modules already initialized, skipping
Registering precompiled user dll's ...
Registered in 0.004780 seconds.
Begin MonoManager ReloadAssembly
Symbol file LoadedFromMemory doesn't match image /Users/gld/Desktop/MGD_MSD63B/TicTacToeMP/MSD63B_TicTacToeMP/MSD63B_TicTacToeMP/Library/PackageCache/com.unity.visualscripting@1.6.1/Editor/VisualScripting.Core/Dependencies/YamlDotNet/Unity.VisualScripting.YamlDotNet.dll
Symbol file LoadedFromMemory doesn't match image /Users/gld/Desktop/MGD_MSD63B/TicTacToeMP/MSD63B_TicTacToeMP/MSD63B_TicTacToeMP/Library/PackageCache/com.unity.visualscripting@1.6.1/Editor/VisualScripting.Core/Dependencies/DotNetZip/Unity.VisualScripting.IonicZip.dll
Native extension for OSXStandalone target not found
Refreshing native plugins compatible for Editor in 560.67 ms, found 3 plugins.
Preloading 0 native plugins for Editor in 0.00 ms.
